
*** Running vivado
    with args -log Top.vds -m64 -mode batch -messageDb vivado.pb -notrace -source Top.tcl

WARNING: Default location for XILINX_VIVADO_HLS not found: 

****** Vivado v2015.2.1 (64-bit)
  **** SW Build 1302555 on Wed Aug  5 13:06:02 MDT 2015
  **** IP Build 1291990 on Mon Jul 27 03:18:52 MDT 2015
    ** Copyright 1986-2015 Xilinx, Inc. All Rights Reserved.

source Top.tcl -notrace
Command: synth_design -top Top -part xc7a35tcpg236-1
Starting synth_design
Attempting to get a license for feature 'Synthesis' and/or device 'xc7a35t'
INFO: [Common 17-349] Got license for feature 'Synthesis' and/or device 'xc7a35t'
---------------------------------------------------------------------------------
Starting RTL Elaboration : Time (s): cpu = 00:00:24 ; elapsed = 00:00:40 . Memory (MB): peak = 262.270 ; gain = 85.973
---------------------------------------------------------------------------------
INFO: [Synth 8-638] synthesizing module 'Top' [C:/Modeltech_pe_edu_10.4a/examples/lab3/lab3/lab3.srcs/sources_1/imports/lab3/TOP.v:1]
INFO: [Synth 8-638] synthesizing module 'Divider' [C:/Modeltech_pe_edu_10.4a/examples/lab3/lab3/lab3.srcs/sources_1/imports/lab3/Divider.v:1]
INFO: [Synth 8-256] done synthesizing module 'Divider' (1#1) [C:/Modeltech_pe_edu_10.4a/examples/lab3/lab3/lab3.srcs/sources_1/imports/lab3/Divider.v:1]
INFO: [Synth 8-638] synthesizing module 'Traffic_Light' [C:/Modeltech_pe_edu_10.4a/examples/lab3/lab3/lab3.srcs/sources_1/imports/lab3/trafficlight.v:1]
INFO: [Synth 8-256] done synthesizing module 'Traffic_Light' (2#1) [C:/Modeltech_pe_edu_10.4a/examples/lab3/lab3/lab3.srcs/sources_1/imports/lab3/trafficlight.v:1]
INFO: [Synth 8-256] done synthesizing module 'Top' (3#1) [C:/Modeltech_pe_edu_10.4a/examples/lab3/lab3/lab3.srcs/sources_1/imports/lab3/TOP.v:1]
---------------------------------------------------------------------------------
Finished RTL Elaboration : Time (s): cpu = 00:00:28 ; elapsed = 00:00:46 . Memory (MB): peak = 296.543 ; gain = 120.246
---------------------------------------------------------------------------------

Report Check Netlist: 
+------+------------------+-------+---------+-------+------------------+
|      |Item              |Errors |Warnings |Status |Description       |
+------+------------------+-------+---------+-------+------------------+
|1     |multi_driven_nets |      0|        0|Passed |Multi driven nets |
+------+------------------+-------+---------+-------+------------------+
---------------------------------------------------------------------------------
Finished RTL Optimization Phase 1 : Time (s): cpu = 00:00:28 ; elapsed = 00:00:47 . Memory (MB): peak = 296.543 ; gain = 120.246
---------------------------------------------------------------------------------
INFO: [Device 21-403] Loading part xc7a35tcpg236-1
INFO: [Project 1-570] Preparing netlist for logic optimization

Processing XDC Constraints
Initializing timing engine
Parsing XDC File [C:/Modeltech_pe_edu_10.4a/examples/lab3/lab3/lab3.srcs/constrs_1/imports/lab3/Basys3_Master.xdc]
Finished Parsing XDC File [C:/Modeltech_pe_edu_10.4a/examples/lab3/lab3/lab3.srcs/constrs_1/imports/lab3/Basys3_Master.xdc]
Completed Processing XDC Constraints

INFO: [Project 1-111] Unisim Transformation Summary:
No Unisim elements were transformed.

Constraint Validation Runtime : Time (s): cpu = 00:00:00 ; elapsed = 00:00:00.044 . Memory (MB): peak = 583.098 ; gain = 0.000
---------------------------------------------------------------------------------
Finished Constraint Validation : Time (s): cpu = 00:01:04 ; elapsed = 00:01:40 . Memory (MB): peak = 583.098 ; gain = 406.801
---------------------------------------------------------------------------------
---------------------------------------------------------------------------------
Start Loading Part and Timing Information
---------------------------------------------------------------------------------
Loading part: xc7a35tcpg236-1
---------------------------------------------------------------------------------
Finished Loading Part and Timing Information : Time (s): cpu = 00:01:04 ; elapsed = 00:01:40 . Memory (MB): peak = 583.098 ; gain = 406.801
---------------------------------------------------------------------------------
---------------------------------------------------------------------------------
Start Applying 'set_property' XDC Constraints
---------------------------------------------------------------------------------
---------------------------------------------------------------------------------
Finished applying 'set_property' XDC Constraints : Time (s): cpu = 00:01:04 ; elapsed = 00:01:40 . Memory (MB): peak = 583.098 ; gain = 406.801
---------------------------------------------------------------------------------
INFO: [Synth 8-5545] ROM "slowClk" won't be mapped to RAM because address size (28) is larger than maximum supported(18)
---------------------------------------------------------------------------------
Finished RTL Optimization Phase 2 : Time (s): cpu = 00:01:06 ; elapsed = 00:01:42 . Memory (MB): peak = 583.098 ; gain = 406.801
---------------------------------------------------------------------------------

Report RTL Partitions: 
+-+--------------+------------+----------+
| |RTL Partition |Replication |Instances |
+-+--------------+------------+----------+
+-+--------------+------------+----------+
---------------------------------------------------------------------------------
Start RTL Component Statistics 
---------------------------------------------------------------------------------
Detailed RTL Component Info : 
+---Adders : 
	   2 Input     28 Bit       Adders := 1     
	   2 Input      3 Bit       Adders := 1     
+---Registers : 
	               28 Bit    Registers := 1     
	                3 Bit    Registers := 2     
	                1 Bit    Registers := 10    
+---Muxes : 
	   8 Input      3 Bit        Muxes := 2     
	   8 Input      1 Bit        Muxes := 8     
---------------------------------------------------------------------------------
Finished RTL Component Statistics 
---------------------------------------------------------------------------------
---------------------------------------------------------------------------------
Start RTL Hierarchical Component Statistics 
---------------------------------------------------------------------------------
Hierarchical RTL Component report 
Module Divider 
Detailed RTL Component Info : 
+---Adders : 
	   2 Input     28 Bit       Adders := 1     
+---Registers : 
	               28 Bit    Registers := 1     
	                1 Bit    Registers := 1     
Module Traffic_Light 
Detailed RTL Component Info : 
+---Adders : 
	   2 Input      3 Bit       Adders := 1     
+---Registers : 
	                3 Bit    Registers := 2     
	                1 Bit    Registers := 9     
+---Muxes : 
	   8 Input      3 Bit        Muxes := 2     
	   8 Input      1 Bit        Muxes := 8     
---------------------------------------------------------------------------------
Finished RTL Hierarchical Component Statistics
---------------------------------------------------------------------------------
---------------------------------------------------------------------------------
Start Part Resource Summary
---------------------------------------------------------------------------------
Part Resources:
DSPs: 120 (col length:60)
BRAMs: 150 (col length: RAMB18 60 RAMB36 30)
---------------------------------------------------------------------------------
Finished Part Resource Summary
---------------------------------------------------------------------------------
Start Parallel Synthesis Optimization  : Time (s): cpu = 00:01:06 ; elapsed = 00:01:43 . Memory (MB): peak = 583.098 ; gain = 406.801
---------------------------------------------------------------------------------
Start Cross Boundary Optimization
---------------------------------------------------------------------------------
INFO: [Synth 8-5545] ROM "Div/slowClk" won't be mapped to RAM because address size (28) is larger than maximum supported(18)
---------------------------------------------------------------------------------
Finished Cross Boundary Optimization : Time (s): cpu = 00:01:07 ; elapsed = 00:01:44 . Memory (MB): peak = 583.098 ; gain = 406.801
---------------------------------------------------------------------------------
Finished Parallel Reinference  : Time (s): cpu = 00:01:07 ; elapsed = 00:01:44 . Memory (MB): peak = 583.098 ; gain = 406.801

Report RTL Partitions: 
+-+--------------+------------+----------+
| |RTL Partition |Replication |Instances |
+-+--------------+------------+----------+
+-+--------------+------------+----------+
INFO: [Synth 8-3333] propagating constant 0 across sequential element (\TL/YA_reg )
WARNING: [Synth 8-3332] Sequential element (\TL/Countdown_reg[2] ) is unused and will be removed from module Top.
WARNING: [Synth 8-3332] Sequential element (\TL/Countdown_reg[1] ) is unused and will be removed from module Top.
WARNING: [Synth 8-3332] Sequential element (\TL/Countdown_reg[0] ) is unused and will be removed from module Top.
WARNING: [Synth 8-3332] Sequential element (\TL/State_reg[0] ) is unused and will be removed from module Top.
WARNING: [Synth 8-3332] Sequential element (\TL/YA_reg ) is unused and will be removed from module Top.
WARNING: [Synth 8-3332] Sequential element (\TL/YB_reg ) is unused and will be removed from module Top.
---------------------------------------------------------------------------------
Start Area Optimization
---------------------------------------------------------------------------------
---------------------------------------------------------------------------------
Finished Area Optimization : Time (s): cpu = 00:01:10 ; elapsed = 00:01:48 . Memory (MB): peak = 583.098 ; gain = 406.801
---------------------------------------------------------------------------------
Finished Parallel Area Optimization  : Time (s): cpu = 00:01:10 ; elapsed = 00:01:48 . Memory (MB): peak = 583.098 ; gain = 406.801

Report RTL Partitions: 
+-+--------------+------------+----------+
| |RTL Partition |Replication |Instances |
+-+--------------+------------+----------+
+-+--------------+------------+----------+
Finished Parallel Synthesis Optimization  : Time (s): cpu = 00:01:10 ; elapsed = 00:01:48 . Memory (MB): peak = 583.098 ; gain = 406.801
---------------------------------------------------------------------------------
Start Timing Optimization
---------------------------------------------------------------------------------
---------------------------------------------------------------------------------
Start Applying XDC Timing Constraints
---------------------------------------------------------------------------------
---------------------------------------------------------------------------------
Finished Applying XDC Timing Constraints : Time (s): cpu = 00:02:12 ; elapsed = 00:03:11 . Memory (MB): peak = 583.098 ; gain = 406.801
---------------------------------------------------------------------------------
---------------------------------------------------------------------------------
Finished Timing Optimization : Time (s): cpu = 00:02:12 ; elapsed = 00:03:11 . Memory (MB): peak = 583.098 ; gain = 406.801
---------------------------------------------------------------------------------

Report RTL Partitions: 
+-+--------------+------------+----------+
| |RTL Partition |Replication |Instances |
+-+--------------+------------+----------+
+-+--------------+------------+----------+
---------------------------------------------------------------------------------
Start Technology Mapping
---------------------------------------------------------------------------------
---------------------------------------------------------------------------------
Finished Technology Mapping : Time (s): cpu = 00:02:12 ; elapsed = 00:03:11 . Memory (MB): peak = 583.098 ; gain = 406.801
---------------------------------------------------------------------------------

Report RTL Partitions: 
+-+--------------+------------+----------+
| |RTL Partition |Replication |Instances |
+-+--------------+------------+----------+
+-+--------------+------------+----------+
---------------------------------------------------------------------------------
Start IO Insertion
---------------------------------------------------------------------------------
---------------------------------------------------------------------------------
Start Final Netlist Cleanup
---------------------------------------------------------------------------------
---------------------------------------------------------------------------------
Finished Final Netlist Cleanup
---------------------------------------------------------------------------------
---------------------------------------------------------------------------------
Finished IO Insertion : Time (s): cpu = 00:02:14 ; elapsed = 00:03:14 . Memory (MB): peak = 583.098 ; gain = 406.801
---------------------------------------------------------------------------------

Report Check Netlist: 
+------+------------------+-------+---------+-------+------------------+
|      |Item              |Errors |Warnings |Status |Description       |
+------+------------------+-------+---------+-------+------------------+
|1     |multi_driven_nets |      0|        0|Passed |Multi driven nets |
+------+------------------+-------+---------+-------+------------------+
---------------------------------------------------------------------------------
Start Renaming Generated Instances
---------------------------------------------------------------------------------
---------------------------------------------------------------------------------
Finished Renaming Generated Instances : Time (s): cpu = 00:02:14 ; elapsed = 00:03:14 . Memory (MB): peak = 583.098 ; gain = 406.801
---------------------------------------------------------------------------------

Report RTL Partitions: 
+-+--------------+------------+----------+
| |RTL Partition |Replication |Instances |
+-+--------------+------------+----------+
+-+--------------+------------+----------+
---------------------------------------------------------------------------------
Start Rebuilding User Hierarchy
---------------------------------------------------------------------------------
---------------------------------------------------------------------------------
Finished Rebuilding User Hierarchy : Time (s): cpu = 00:02:14 ; elapsed = 00:03:14 . Memory (MB): peak = 583.098 ; gain = 406.801
---------------------------------------------------------------------------------
---------------------------------------------------------------------------------
Start Renaming Generated Ports : Time (s): cpu = 00:02:14 ; elapsed = 00:03:14 . Memory (MB): peak = 583.098 ; gain = 406.801
---------------------------------------------------------------------------------
---------------------------------------------------------------------------------
Finished Renaming Generated Ports : Time (s): cpu = 00:02:14 ; elapsed = 00:03:14 . Memory (MB): peak = 583.098 ; gain = 406.801
---------------------------------------------------------------------------------
---------------------------------------------------------------------------------
Start Writing Synthesis Report
---------------------------------------------------------------------------------

Report BlackBoxes: 
+-+--------------+----------+
| |BlackBox name |Instances |
+-+--------------+----------+
+-+--------------+----------+

Report Cell Usage: 
+------+-------+------+
|      |Cell   |Count |
+------+-------+------+
|1     |BUFG   |     1|
|2     |CARRY4 |     7|
|3     |LUT1   |    30|
|4     |LUT2   |     5|
|5     |LUT3   |     3|
|6     |LUT4   |     1|
|7     |LUT5   |     1|
|8     |LUT6   |     5|
|9     |FDRE   |    38|
|10    |IBUF   |     2|
|11    |OBUF   |     8|
+------+-------+------+

Report Instance Areas: 
+------+---------+--------------+------+
|      |Instance |Module        |Cells |
+------+---------+--------------+------+
|1     |top      |              |   101|
|2     |  Div    |Divider       |    71|
|3     |  TL     |Traffic_Light |    19|
+------+---------+--------------+------+
---------------------------------------------------------------------------------
Finished Writing Synthesis Report : Time (s): cpu = 00:02:14 ; elapsed = 00:03:14 . Memory (MB): peak = 583.098 ; gain = 406.801
---------------------------------------------------------------------------------
Synthesis finished with 0 errors, 0 critical warnings and 6 warnings.
Synthesis Optimization Runtime : Time (s): cpu = 00:01:23 ; elapsed = 00:02:16 . Memory (MB): peak = 583.098 ; gain = 88.461
Synthesis Optimization Complete : Time (s): cpu = 00:02:15 ; elapsed = 00:03:16 . Memory (MB): peak = 583.098 ; gain = 406.801
INFO: [Project 1-571] Translating synthesized netlist
INFO: [Netlist 29-17] Analyzing 9 Unisim elements for replacement
INFO: [Netlist 29-28] Unisim Transformation completed in 0 CPU seconds
INFO: [Project 1-570] Preparing netlist for logic optimization
INFO: [Opt 31-138] Pushed 0 inverter(s) to 0 load pin(s).
INFO: [Project 1-111] Unisim Transformation Summary:
No Unisim elements were transformed.

INFO: [Common 17-83] Releasing license: Synthesis
20 Infos, 6 Warnings, 0 Critical Warnings and 0 Errors encountered.
synth_design completed successfully
synth_design: Time (s): cpu = 00:02:08 ; elapsed = 00:03:00 . Memory (MB): peak = 583.098 ; gain = 375.203
report_utilization: Time (s): cpu = 00:00:01 ; elapsed = 00:00:00.370 . Memory (MB): peak = 583.098 ; gain = 0.000
INFO: [Common 17-206] Exiting Vivado at Fri Oct 09 18:12:00 2015...
